C51 COMPILER V9.57.0.0   DELAY                                                             10/11/2020 16:17:43 PAGE 1   


C51 COMPILER V9.57.0.0, COMPILATION OF MODULE DELAY
OBJECT MODULE PLACED IN .\Objects\delay.obj
COMPILER INVOKED BY: D:\keil5 c51 install\install_0\C51\BIN\C51.EXE delay.c OPTIMIZE(8,SPEED) BROWSE INCDIR(.\Headfile) 
                    -DEBUG OBJECTEXTEND PRINT(.\Listings\delay.lst) TABS(2) OBJECT(.\Objects\delay.obj)

line level    source

   1          #include "main.h"
   2          #include "delay.h"
   3          static g_time_end = 0;
   4          
   5          void delay_nus(unsigned int i)  //延时:i>=12 ,i的最小延时单12 us
   6          { 
   7   1        i=i/10;
   8   1        while(--i);
   9   1      }   
  10          
  11          void delay_nms(unsigned int n)  //延时n ms
  12          { 
  13   1        n=n+1;
  14   1        while(--n)  
  15   1        delay_nus(900);         //延时 1ms,同时进行补偿
  16   1      }  
  17          
  18          /********定时器精确延时*********/
  19          
  20          //机器周期 = 1.0851us
  21          void Time0_Init()          //定时器初始化
  22          {
  23   1        TMOD = 0x01;           //定时器0工作在方式1  
  24   1        IE   = 0x82;
  25   1        TH0  = 0xff;
  26   1        TL0  = 0xa4;     //11.0592MZ晶振，100us
  27   1      }
  28          
  29          void Time0_Int() interrupt 1 //中断程序
  30          {
  31   1        TR0=0;                 //关定时器
  32   1        TH0  = 0xff;
  33   1        TL0  = 0xa4;     //11.0592MZ晶振，100us
  34   1        g_time_end = 1;
  35   1      }
  36          
  37          void delay_100us_t0()
  38          {
  39   1        TR0=1;                 //定时器开始
  40   1        g_time_end = 0;
  41   1        while(g_time_end)
  42   1        {
  43   2          return;
  44   2        }
  45   1      }


MODULE INFORMATION:   STATIC OVERLAYABLE
   CODE SIZE        =     81    ----
   CONSTANT SIZE    =   ----    ----
   XDATA SIZE       =   ----    ----
   PDATA SIZE       =   ----    ----
   DATA SIZE        =      2    ----
   IDATA SIZE       =   ----    ----
C51 COMPILER V9.57.0.0   DELAY                                                             10/11/2020 16:17:43 PAGE 2   

   BIT SIZE         =   ----    ----
END OF MODULE INFORMATION.


C51 COMPILATION COMPLETE.  0 WARNING(S),  0 ERROR(S)
