C51 COMPILER V9.57.0.0   MAIN                                                              10/11/2020 18:20:34 PAGE 1   


C51 COMPILER V9.57.0.0, COMPILATION OF MODULE MAIN
OBJECT MODULE PLACED IN .\Objects\main.obj
COMPILER INVOKED BY: D:\keil5 c51 install\install_0\C51\BIN\C51.EXE main.c OPTIMIZE(8,SPEED) BROWSE INCDIR(.\Headfile) D
                    -EBUG OBJECTEXTEND PRINT(.\Listings\main.lst) TABS(2) OBJECT(.\Objects\main.obj)

line level    source

   1          #include "main.h"
   2          #include "delay.h"
   3          #include "servo.h"
   4          #include "uart.h"
   5          #include "sensor.h"
   6          
   7          extern int BEARDTIME;
   8          
   9          int main(void)
  10          {
  11   1          
  12   1          int i = 0,j = 0;
  13   1          //Æô¶¯
  14   1          SetGreenLed;
  15   1          SetRedLed;
  16   1      #if (UARTON == 1)
  17   1        uart_init();
  18   1      #endif
  19   1        BEARDTIME = 0;
  20   1        while(1)
  21   1        { 
  22   2          
  23   2      //    ServoMove(200,200);
  24   2          
  25   2        
  26   2          ServoMoveFollowLine();
  27   2      
  28   2      if((ReadLeftBeard() == 0)||ReadLeftBeard()==0)
  29   2          {
  30   3            if(!BEARDTIME)
  31   3            {
  32   4              ResetRedLed;
  33   4              ResetGreenLed;
  34   4              for(i = 0;i<26;i++){ ServoMove(-250,250); }
  35   4              BEARDTIME++;
  36   4              ServoMove(1,1);
  37   4              delay_nms(1000);
  38   4              delay_nms(1000);
  39   4              delay_nms(1000);
  40   4              delay_nms(1000);
  41   4              delay_nms(1000);  
  42   4            }
  43   3          }
  44   2        
  45   2          
  46   2        if((ReadLeftBeard() == 0)||ReadLeftBeard()==0)
  47   2          {
  48   3            if(BEARDTIME)
  49   3            {
  50   4            ResetRedLed;
  51   4            ResetGreenLed;
  52   4            for(j = 0;j<26;j++){ ServoMove(250,-250); }
  53   4            BEARDTIME=0;}
  54   3            ServoMove(1,1);
C51 COMPILER V9.57.0.0   MAIN                                                              10/11/2020 18:20:34 PAGE 2   

  55   3            delay_nms(1000);   
  56   3            delay_nms(1000);
  57   3            delay_nms(1000);
  58   3            delay_nms(1000);
  59   3            delay_nms(1000);  
  60   3            BEARDTIME=0;
  61   3        } 
  62   2        }
  63   1          return 0;
  64   1      }
  65          
  66          
*** WARNING C294 IN LINE 63 OF main.c: unreachable code


MODULE INFORMATION:   STATIC OVERLAYABLE
   CODE SIZE        =    256    ----
   CONSTANT SIZE    =   ----    ----
   XDATA SIZE       =   ----    ----
   PDATA SIZE       =   ----    ----
   DATA SIZE        =   ----       4
   IDATA SIZE       =   ----    ----
   BIT SIZE         =   ----    ----
END OF MODULE INFORMATION.


C51 COMPILATION COMPLETE.  1 WARNING(S),  0 ERROR(S)
