C51 COMPILER V9.57.0.0   SENSOR                                                            10/11/2020 16:17:42 PAGE 1   


C51 COMPILER V9.57.0.0, COMPILATION OF MODULE SENSOR
OBJECT MODULE PLACED IN .\Objects\sensor.obj
COMPILER INVOKED BY: D:\keil5 c51 install\install_0\C51\BIN\C51.EXE sensor.c OPTIMIZE(8,SPEED) BROWSE INCDIR(.\Headfile)
                    - DEBUG OBJECTEXTEND PRINT(.\Listings\sensor.lst) TABS(2) OBJECT(.\Objects\sensor.obj)

line level    source

   1          #include "main.h"
   2          #include "intrins.h"
   3          #include "sensor.h"
   4          
   5          
   6          
   7          void IRLaunch(unsigned char IR)
   8          {
   9   1       int counter;
  10   1       if(IR=='L')//×ó±ß·¢Éä
  11   1         for(counter=0;counter<38;counter++)
  12   1          {
  13   2           SetLeftLaunch;
  14   2           _nop_(); _nop_(); _nop_(); _nop_(); _nop_(); _nop_();
  15   2           _nop_(); _nop_(); _nop_(); _nop_(); _nop_(); _nop_();
  16   2           ResetLeftLaunch;
  17   2           _nop_(); _nop_(); _nop_(); _nop_(); _nop_(); _nop_();
  18   2           _nop_(); _nop_(); _nop_(); _nop_(); _nop_(); _nop_();
  19   2          }
  20   1        if(IR=='R')//ÓÒ±ß·¢Éä
  21   1          for(counter=0;counter<38;counter++)
  22   1          {
  23   2            SetRightLaunch;
  24   2            _nop_(); _nop_(); _nop_(); _nop_(); _nop_(); _nop_();
  25   2            _nop_(); _nop_(); _nop_(); _nop_(); _nop_(); _nop_();
  26   2            ResetRightLaunch;
  27   2            _nop_(); _nop_(); _nop_(); _nop_(); _nop_(); _nop_();
  28   2            _nop_(); _nop_(); _nop_(); _nop_(); _nop_(); _nop_();
  29   2          }
  30   1      }
  31          
  32          _bool ReadLeftSensor(void){return (_bool)GetLeftIR;}
  33          _bool ReadRightSensor(void){return (_bool)GetRightIR;}
  34          
  35          _bool ReadLeftBeard(void){return (_bool)GetLeftBeard;}
  36          _bool ReadRightBeard(void){return (_bool)GetRightBeard;}
  37          
  38          
  39          


MODULE INFORMATION:   STATIC OVERLAYABLE
   CODE SIZE        =    141    ----
   CONSTANT SIZE    =   ----    ----
   XDATA SIZE       =   ----    ----
   PDATA SIZE       =   ----    ----
   DATA SIZE        =   ----    ----
   IDATA SIZE       =   ----    ----
   BIT SIZE         =   ----    ----
END OF MODULE INFORMATION.


C51 COMPILATION COMPLETE.  0 WARNING(S),  0 ERROR(S)
