C51 COMPILER V9.57.0.0   UART                                                              10/11/2020 16:17:42 PAGE 1   


C51 COMPILER V9.57.0.0, COMPILATION OF MODULE UART
OBJECT MODULE PLACED IN .\Objects\uart.obj
COMPILER INVOKED BY: D:\keil5 c51 install\install_0\C51\BIN\C51.EXE uart.c OPTIMIZE(8,SPEED) BROWSE INCDIR(.\Headfile) D
                    -EBUG OBJECTEXTEND PRINT(.\Listings\uart.lst) TABS(2) OBJECT(.\Objects\uart.obj)

line level    source

   1          #include "main.h"
   2          
   3          
   4          void uart_init(void)
   5          {
   6   1        TMOD=0x20;//即0010 0000,定时器/计数器1,工作方式2
   7   1        TH1=0xfd;//设置波特率为9600
   8   1        TL1=0xfd;
   9   1        TR1=1;//启动定时器/计数器1
  10   1        
  11   1        SCON=0x50; //0101 0000.串口工作方式1，允许串行控制
  12   1        PCON=0x00;//设置SMOD=0
  13   1        IE=0x90; //CPU允许中断，串行允许中断
  14   1        
  15   1        TI=1;//直接使用printf必须加入此句才能实现发送
  16   1      }


MODULE INFORMATION:   STATIC OVERLAYABLE
   CODE SIZE        =     23    ----
   CONSTANT SIZE    =   ----    ----
   XDATA SIZE       =   ----    ----
   PDATA SIZE       =   ----    ----
   DATA SIZE        =   ----    ----
   IDATA SIZE       =   ----    ----
   BIT SIZE         =   ----    ----
END OF MODULE INFORMATION.


C51 COMPILATION COMPLETE.  0 WARNING(S),  0 ERROR(S)
